<?xml version="1.0" encoding="UTF-8"?>
<!-- Generated by org.testng.reporters.JUnitReportReporter -->
<testsuite hostname="LAPTOP-1OR5D2CT" name="week1.day1.EditLead" tests="1" failures="0" timestamp="29 Dec 2017 03:54:53 GMT" time="13.869" errors="0">
  <testcase name="editLead" time="13.869" classname="week1.day1.EditLead"/>
</testsuite> <!-- week1.day1.EditLead -->
