<?xml version="1.0" encoding="UTF-8"?>
<!-- Generated by org.testng.reporters.JUnitReportReporter -->
<testsuite hostname="LAPTOP-1OR5D2CT" name="week1.day1.DuplicateLead" tests="2" failures="0" timestamp="29 Dec 2017 03:54:53 GMT" time="36.630" errors="0">
  <testcase name="duplicateLead" time="16.942" classname="week1.day1.DuplicateLead"/>
  <testcase name="duplicateLead" time="19.688" classname="week1.day1.DuplicateLead"/>
</testsuite> <!-- week1.day1.DuplicateLead -->
