<?xml version="1.0" encoding="UTF-8"?>
<!-- Generated by org.testng.reporters.JUnitReportReporter -->
<testsuite hostname="LAPTOP-1OR5D2CT" name="learnExtentReports.LearnExtentReport" tests="1" failures="0" timestamp="4 Jan 2018 04:48:13 GMT" time="0.917" errors="0">
  <testcase name="extentReport" time="0.917" classname="learnExtentReports.LearnExtentReport"/>
</testsuite> <!-- learnExtentReports.LearnExtentReport -->
