<?xml version="1.0" encoding="UTF-8"?>
<!-- Generated by org.testng.reporters.JUnitReportReporter -->
<testsuite hostname="LAPTOP-1OR5D2CT" name="week1.day1.BasicSelenium" tests="1" failures="0" timestamp="29 Dec 2017 03:54:53 GMT" time="14.025" errors="0">
  <testcase name="createLead" time="14.025" classname="week1.day1.BasicSelenium"/>
</testsuite> <!-- week1.day1.BasicSelenium -->
