<?xml version="1.0" encoding="UTF-8"?>
<!-- Generated by org.testng.reporters.JUnitReportReporter -->
<testsuite hostname="LAPTOP-1OR5D2CT" name="sampleForFrame" tests="1" failures="0" timestamp="12 Jan 2018 15:54:44 GMT" time="10.673" errors="0">
  <testcase name="SampleForFrame" time="10.673" classname="sampleForFrame"/>
</testsuite> <!-- sampleForFrame -->
